<?xml version="1.0" encoding="UTF-8"?>
<testsuite xmlns:xsi="http://www.w3.org/2001/XMLSchema-instance" xsi:noNamespaceSchemaLocation="https://maven.apache.org/surefire/maven-surefire-plugin/xsd/surefire-test-report-3.0.xsd" version="3.0" name="TestSuite" time="8.322" tests="1" errors="0" skipped="0" failures="1">
  <properties>
[...]
</properties>
  <testcase name="searchGoogle" classname="testng.HomePageTestCases" time="2.278">
    <failure message="Unable to locate element: //div[@class=&apos;FPdoLc VlcLAe&apos;]//input[@value=&quot;Google&apos;da Ara&quot;]&#10;For documentation on this error, please visit: https://www.seleniumhq.org/exceptions/no_such_element.html&#10;Build info: version: &apos;3.141.59&apos;, revision: &apos;e82be7d358&apos;, time: &apos;2018-11-14T08:17:03&apos;&#10;System info: host: &apos;5afc94756449&apos;, ip: &apos;172.17.0.2&apos;, os.name: &apos;Linux&apos;, os.arch: &apos;amd64&apos;, os.version: &apos;5.10.60.1-microsoft-standard-WSL2&apos;, java.version: &apos;1.8.0_161&apos;&#10;Driver info: org.openqa.selenium.firefox.FirefoxDriver&#10;Capabilities {acceptInsecureCerts: true, browserName: firefox, browserVersion: 78.0.2, javascriptEnabled: true, moz:accessibilityChecks: false, moz:buildID: 20200708170202, moz:geckodriverVersion: 0.29.0, moz:headless: true, moz:processID: 182, moz:profile: /tmp/rust_mozprofile7rsMlw, moz:shutdownTimeout: 60000, moz:useNonSpecCompliantPointerOrigin: false, moz:webdriverClick: true, pageLoadStrategy: normal, platform: LINUX, platformName: LINUX, platformVersion: 5.10.60.1-microsoft-standar..., rotatable: false, setWindowRect: true, strictFileInteractability: false, timeouts: {implicit: 0, pageLoad: 300000, script: 30000}, unhandledPromptBehavior: dismiss and notify}&#10;Session ID: 0b7eb549-780b-45a9-9c43-48d58479079c&#10;*** Element info: {Using=xpath, value=//div[@class=&apos;FPdoLc VlcLAe&apos;]//input[@value=&quot;Google&apos;da Ara&quot;]}" type="org.openqa.selenium.NoSuchElementException"><![CDATA[org.openqa.selenium.NoSuchElementException: 
Unable to locate element: //div[@class='FPdoLc VlcLAe']//input[@value="Google'da Ara"]
For documentation on this error, please visit: https://www.seleniumhq.org/exceptions/no_such_element.html
Build info: version: '3.141.59', revision: 'e82be7d358', time: '2018-11-14T08:17:03'
System info: host: '5afc94756449', ip: '172.17.0.2', os.name: 'Linux', os.arch: 'amd64', os.version: '5.10.60.1-microsoft-standard-WSL2', java.version: '1.8.0_161'
Driver info: org.openqa.selenium.firefox.FirefoxDriver
Capabilities {acceptInsecureCerts: true, browserName: firefox, browserVersion: 78.0.2, javascriptEnabled: true, moz:accessibilityChecks: false, moz:buildID: 20200708170202, moz:geckodriverVersion: 0.29.0, moz:headless: true, moz:processID: 182, moz:profile: /tmp/rust_mozprofile7rsMlw, moz:shutdownTimeout: 60000, moz:useNonSpecCompliantPointerOrigin: false, moz:webdriverClick: true, pageLoadStrategy: normal, platform: LINUX, platformName: LINUX, platformVersion: 5.10.60.1-microsoft-standar..., rotatable: false, setWindowRect: true, strictFileInteractability: false, timeouts: {implicit: 0, pageLoad: 300000, script: 30000}, unhandledPromptBehavior: dismiss and notify}
Session ID: 0b7eb549-780b-45a9-9c43-48d58479079c
*** Element info: {Using=xpath, value=//div[@class='FPdoLc VlcLAe']//input[@value="Google'da Ara"]}
	at testng.HomePageTestCases.searchGoogle(HomePageTestCases.java:21)
]]></failure>
    <system-out><![CDATA[Search text box is displayed
]]></system-out>
    <system-err><![CDATA[1641666756840	geckodriver	INFO	Listening on 127.0.0.1:9225
1641666757104	mozrunner::runner	INFO	Running command: "/opt/firefox-78.0.2/firefox" "--marionette" "--headless" "--no-sandbox" "--disable-dev-shm-usage" "disable-infobars" "--disable-extensions" "--disable-gpu" "--width=1920" "--height=1080" "-foreground" "-no-remote" "-profile" "/tmp/rust_mozprofile7rsMlw"
*** You are running in headless mode.
1641666761341	Marionette	INFO	Listening on port 38073
1641666761429	Marionette	WARN	TLS certificate errors will be ignored for this session
Jan 08, 2022 6:32:41 PM org.openqa.selenium.remote.ProtocolHandshake createSession
INFO: Detected dialect: W3C
]]></system-err>
  </testcase>
</testsuite>